Mono path[0] = 'C:/Program Files (x86)/Steam/steamapps/common/Lethal Company/Lethal Company_Data/Managed'
Mono config path = 'C:/Program Files (x86)/Steam/steamapps/common/Lethal Company/MonoBleedingEdge/etc'
[Physics::Module] Initialized MultithreadedJobDispatcher with 7 workers.
Initialize engine version: 2022.3.9f1 (ea401c316338)
[Subsystems] Discovering subsystems at path C:/Program Files (x86)/Steam/steamapps/common/Lethal Company/Lethal Company_Data/UnitySubsystems
GfxDevice: creating device client; threaded=1; jobified=1
Direct3D:
    Version:  Direct3D 11.0 [level 11.1]
    Renderer: NVIDIA GeForce GTX 1650 Ti (ID=0x1f95)
    Vendor:   NVIDIA
    VRAM:     3935 MB
    Driver:   31.0.15.5152
Begin MonoManager ReloadAssembly
- Loaded All Assemblies, in  7.475 seconds
- Finished resetting the current domain, in  0.004 seconds
<RI> Initializing input.
New input system (experimental) initialized
Using Windows.Gaming.Input
<RI> Initialized touch support.
UnloadTime: 7.208800 ms
Saving changed settings
Unloading 6 Unused Serialized files (Serialized files now loaded: 0)
UnloadTime: 28.804900 ms
subcribing to steam callbacks
Unloading 34 unused Assets to reduce memory usage. Loaded Objects now: 12166.
Total: 8.360600 ms (FindLiveObjects: 0.869100 ms CreateObjectMapping: 0.806800 ms MarkObjects: 6.476000 ms  DeleteObjects: 0.208400 ms)

Unloading 4 Unused Serialized files (Serialized files now loaded: 0)
UnloadTime: 1.321300 ms
Unloading 15 unused Assets to reduce memory usage. Loaded Objects now: 13885.
Total: 4.920100 ms (FindLiveObjects: 0.535700 ms CreateObjectMapping: 0.560400 ms MarkObjects: 3.713200 ms  DeleteObjects: 0.110600 ms)

Returning week num: 9
week num: 9
host button pressed
Returning week num: 9
