Mono path[0] = 'C:/Program Files (x86)/Steam/steamapps/common/Lethal Company/Lethal Company_Data/Managed'
Mono config path = 'C:/Program Files (x86)/Steam/steamapps/common/Lethal Company/MonoBleedingEdge/etc'
[Physics::Module] Initialized MultithreadedJobDispatcher with 7 workers.
Initialize engine version: 2022.3.9f1 (ea401c316338)
[Subsystems] Discovering subsystems at path C:/Program Files (x86)/Steam/steamapps/common/Lethal Company/Lethal Company_Data/UnitySubsystems
GfxDevice: creating device client; threaded=1; jobified=1
Direct3D:
    Version:  Direct3D 11.0 [level 11.1]
    Renderer: NVIDIA GeForce GTX 1650 Ti (ID=0x1f95)
    Vendor:   NVIDIA
    VRAM:     3935 MB
    Driver:   31.0.15.5123
Begin MonoManager ReloadAssembly
- Loaded All Assemblies, in  3.871 seconds
- Finished resetting the current domain, in  0.002 seconds
<RI> Initializing input.
New input system (experimental) initialized
Using Windows.Gaming.Input
<RI> Initialized touch support.
UnloadTime: 7.997600 ms
